文档树

仕事/
	八股场景/
		ES

		Git协作

		JavaEE

		JUC

		JVM

		MQ

		ORM

		PY等语言综合

		Redis

		Spring

		SQL

		分布式

		前端综合

		大数据综合

		开发套件

		数算

		架构场景

		测开综合

		计网统

		运维综合







----------------------------------------------------------------------------------------------------


字数统计

仕事/ --共计788297字, 39851行

	八股场景/ --共计788297字, 39851行

		ES --共计18182字, 810行

		Git协作 --共计4491字, 278行

		JavaEE --共计62239字, 3102行

		JUC --共计86748字, 4329行

		JVM --共计60658字, 3080行

		MQ --共计28946字, 1347行

		ORM --共计4978字, 291行

		PY等语言综合 --共计2584字, 182行

		Redis --共计86361字, 4605行

		Spring --共计70848字, 3192行

		SQL --共计109411字, 5547行

		分布式 --共计44987字, 2500行

		前端综合 --共计10013字, 615行

		大数据综合 --共计3724字, 221行

		开发套件 --共计22372字, 1074行

		数算 --共计2628字, 212行

		架构场景 --共计39713字, 1979行

		测开综合 --共计65687字, 3186行

		计网统 --共计49127字, 2346行

		运维综合 --共计14600字, 955行

